<?xml version="1.0" encoding="UTF-8"?>
<testng-results ignored="0" total="3" passed="2" failed="1" skipped="0">
  <reporter-output>
  </reporter-output>
  <suite started-at="2025-06-09T16:20:13 IST" name="Default suite" finished-at="2025-06-09T16:24:27 IST" duration-ms="253816">
    <groups>
    </groups>
    <test started-at="2025-06-09T16:20:13 IST" name="Default test" finished-at="2025-06-09T16:24:27 IST" duration-ms="253816">
      <class name="Package2.DataProviderClass">
        <test-method signature="runTest(java.lang.String,java.lang.String,java.lang.String)[pri:0, instance:Package2.DataProviderClass@dd05255]" started-at="2025-06-09T16:20:13 IST" name="runTest" data-provider="TestData" finished-at="2025-06-09T16:21:49 IST" duration-ms="95761" status="PASS">
          <params>
            <param index="0">
              <value>
                <![CDATA[418253287]]>
              </value>
            </param>
            <param index="1">
              <value>
                <![CDATA[jayneeey@gmail.com]]>
              </value>
            </param>
            <param index="2">
              <value>
                <![CDATA[DE56 2BF]]>
              </value>
            </param>
          </params>
          <reporter-output>
          </reporter-output>
        </test-method> <!-- runTest -->
        <test-method signature="runTest(java.lang.String,java.lang.String,java.lang.String)[pri:0, instance:Package2.DataProviderClass@dd05255]" started-at="2025-06-09T16:21:49 IST" name="runTest" data-provider="TestData" finished-at="2025-06-09T16:22:50 IST" duration-ms="61766" status="FAIL">
          <params>
            <param index="0">
              <value>
                <![CDATA[421331363]]>
              </value>
            </param>
            <param index="1">
              <value>
                <![CDATA[lo_belal88@yahoo.com]]>
              </value>
            </param>
            <param index="2">
              <value>
                <![CDATA[LN2 1SH]]>
              </value>
            </param>
          </params>
          <exception class="org.openqa.selenium.TimeoutException">
            <message>
              <![CDATA[Expected condition failed: waiting for visibility of element located by By.xpath: //div[contains(text(),'Do you have your order number?')] (tried for 30 second(s) with 500 milliseconds interval)
Build info: version: '4.20.0', revision: '866c76ca80'
System info: os.name: 'Windows 11', os.arch: 'amd64', os.version: '10.0', java.version: '21.0.7'
Driver info: org.openqa.selenium.edge.EdgeDriver
Capabilities {acceptInsecureCerts: false, browserName: MicrosoftEdge, browserVersion: 137.0.3296.68, fedcm:accounts: true, ms:edgeOptions: {debuggerAddress: localhost:51541}, msedge: {msedgedriverVersion: 137.0.3296.68 (f3affdcf267b..., userDataDir: C:\Users\shshaik\AppData\Lo...}, networkConnectionEnabled: false, pageLoadStrategy: normal, platformName: windows, proxy: Proxy(), se:cdp: ws://localhost:51541/devtoo..., se:cdpVersion: 137.0.3296.68, setWindowRect: true, strictFileInteractability: false, timeouts: {implicit: 0, pageLoad: 300000, script: 30000}, unhandledPromptBehavior: dismiss and notify, webauthn:extension:credBlob: true, webauthn:extension:largeBlob: true, webauthn:extension:minPinLength: true, webauthn:extension:prf: true, webauthn:virtualAuthenticators: true}
Session ID: 5d4d643780ea6345fbacc85dc6cafcc9]]>
            </message>
            <full-stacktrace>
              <![CDATA[org.openqa.selenium.TimeoutException: Expected condition failed: waiting for visibility of element located by By.xpath: //div[contains(text(),'Do you have your order number?')] (tried for 30 second(s) with 500 milliseconds interval)
Build info: version: '4.20.0', revision: '866c76ca80'
System info: os.name: 'Windows 11', os.arch: 'amd64', os.version: '10.0', java.version: '21.0.7'
Driver info: org.openqa.selenium.edge.EdgeDriver
Capabilities {acceptInsecureCerts: false, browserName: MicrosoftEdge, browserVersion: 137.0.3296.68, fedcm:accounts: true, ms:edgeOptions: {debuggerAddress: localhost:51541}, msedge: {msedgedriverVersion: 137.0.3296.68 (f3affdcf267b..., userDataDir: C:\Users\shshaik\AppData\Lo...}, networkConnectionEnabled: false, pageLoadStrategy: normal, platformName: windows, proxy: Proxy(), se:cdp: ws://localhost:51541/devtoo..., se:cdpVersion: 137.0.3296.68, setWindowRect: true, strictFileInteractability: false, timeouts: {implicit: 0, pageLoad: 300000, script: 30000}, unhandledPromptBehavior: dismiss and notify, webauthn:extension:credBlob: true, webauthn:extension:largeBlob: true, webauthn:extension:minPinLength: true, webauthn:extension:prf: true, webauthn:virtualAuthenticators: true}
Session ID: 5d4d643780ea6345fbacc85dc6cafcc9
at org.openqa.selenium.support.ui.WebDriverWait.timeoutException(WebDriverWait.java:84)
at org.openqa.selenium.support.ui.FluentWait.until(FluentWait.java:228)
at Package2.JoMaloneExtent1.haveOrdNum(JoMaloneExtent1.java:126)
at Package2.DataProviderClass.runTest(DataProviderClass.java:23)
at java.base/jdk.internal.reflect.DirectMethodHandleAccessor.invoke(DirectMethodHandleAccessor.java:103)
at java.base/java.lang.reflect.Method.invoke(Method.java:580)
at org.testng.internal.invokers.MethodInvocationHelper.invokeMethod(MethodInvocationHelper.java:141)
at org.testng.internal.invokers.TestInvoker.invokeMethod(TestInvoker.java:687)
at org.testng.internal.invokers.TestInvoker.invokeTestMethod(TestInvoker.java:230)
at org.testng.internal.invokers.MethodRunner.runInSequence(MethodRunner.java:63)
at org.testng.internal.invokers.TestInvoker$MethodInvocationAgent.invoke(TestInvoker.java:995)
at org.testng.internal.invokers.TestInvoker.invokeTestMethods(TestInvoker.java:203)
at org.testng.internal.invokers.TestMethodWorker.invokeTestMethods(TestMethodWorker.java:154)
at org.testng.internal.invokers.TestMethodWorker.run(TestMethodWorker.java:134)
at java.base/java.util.ArrayList.forEach(ArrayList.java:1596)
at org.testng.TestRunner.privateRun(TestRunner.java:741)
at org.testng.TestRunner.run(TestRunner.java:616)
at org.testng.SuiteRunner.runTest(SuiteRunner.java:421)
at org.testng.SuiteRunner.runSequentially(SuiteRunner.java:413)
at org.testng.SuiteRunner.privateRun(SuiteRunner.java:373)
at org.testng.SuiteRunner.run(SuiteRunner.java:312)
at org.testng.SuiteRunnerWorker.runSuite(SuiteRunnerWorker.java:52)
at org.testng.SuiteRunnerWorker.run(SuiteRunnerWorker.java:95)
at org.testng.TestNG.runSuitesSequentially(TestNG.java:1274)
at org.testng.TestNG.runSuitesLocally(TestNG.java:1208)
at org.testng.TestNG.runSuites(TestNG.java:1112)
at org.testng.TestNG.run(TestNG.java:1079)
at org.testng.remote.AbstractRemoteTestNG.run(AbstractRemoteTestNG.java:115)
at org.testng.remote.RemoteTestNG.initAndRun(RemoteTestNG.java:293)
at org.testng.remote.RemoteTestNG.main(RemoteTestNG.java:91)
]]>
            </full-stacktrace>
          </exception> <!-- org.openqa.selenium.TimeoutException -->
          <reporter-output>
          </reporter-output>
        </test-method> <!-- runTest -->
        <test-method signature="runTest(java.lang.String,java.lang.String,java.lang.String)[pri:0, instance:Package2.DataProviderClass@dd05255]" started-at="2025-06-09T16:22:50 IST" name="runTest" data-provider="TestData" finished-at="2025-06-09T16:24:27 IST" duration-ms="96183" status="PASS">
          <params>
            <param index="0">
              <value>
                <![CDATA[237128096]]>
              </value>
            </param>
            <param index="1">
              <value>
                <![CDATA[gloria.mma@gmail.com]]>
              </value>
            </param>
            <param index="2">
              <value>
                <![CDATA[RH163bh]]>
              </value>
            </param>
          </params>
          <reporter-output>
          </reporter-output>
        </test-method> <!-- runTest -->
      </class> <!-- Package2.DataProviderClass -->
    </test> <!-- Default test -->
  </suite> <!-- Default suite -->
</testng-results>
